<?xml version="1.0" encoding="UTF-8"?>
<!-- Generated by org.testng.reporters.JUnitReportReporter -->
<testsuite hostname="DDC2-L-F2DF37H" name="main.CucumberRunner" tests="1" failures="0" timestamp="7 Dec 2020 09:59:05 GMT" time="24.800" errors="0">
  <testcase name="feature" time="24.800" classname="main.CucumberRunner"/>
</testsuite> <!-- main.CucumberRunner -->
