<?xml version="1.0" encoding="UTF-8"?>
<!-- Generated by org.testng.reporters.JUnitReportReporter -->
<testsuite hostname="DDC2-L-F2DF37H" name="main.CucumberRunner" tests="1" failures="0" timestamp="7 Dec 2020 08:24:53 GMT" time="25.251" errors="0">
  <testcase name="feature" time="25.251" classname="main.CucumberRunner"/>
</testsuite> <!-- main.CucumberRunner -->
